06 06, 2023 20:33:35 下午 org.example.diytomcat.Bootstrap logJVM
INFO : Server version:		How2J DiyTomcat/1.0.1
06 06, 2023 20:33:35 下午 org.example.diytomcat.Bootstrap logJVM
INFO : Server built:		2020-04-08 10:20:22
06 06, 2023 20:33:35 下午 org.example.diytomcat.Bootstrap logJVM
INFO : Server number:		1.0.1
06 06, 2023 20:33:35 下午 org.example.diytomcat.Bootstrap logJVM
INFO : OS Name	:		Windows 10
06 06, 2023 20:33:35 下午 org.example.diytomcat.Bootstrap logJVM
INFO : OS Version:		10.0
06 06, 2023 20:33:35 下午 org.example.diytomcat.Bootstrap logJVM
INFO : Architecture:		amd64
06 06, 2023 20:33:35 下午 org.example.diytomcat.Bootstrap logJVM
INFO : Java Home:		D:\jdk-18.0.2
06 06, 2023 20:33:35 下午 org.example.diytomcat.Bootstrap logJVM
INFO : JVM Version:		18.0.2+9-61
06 06, 2023 20:33:35 下午 org.example.diytomcat.Bootstrap logJVM
INFO : JVM Vendor:		Oracle Corporation
06 06, 2023 20:38:01 下午 org.example.diytomcat.Bootstrap logJVM
INFO : Server version:		How2J DiyTomcat/1.0.1
06 06, 2023 20:38:01 下午 org.example.diytomcat.Bootstrap logJVM
INFO : Server built:		2020-04-08 10:20:22
06 06, 2023 20:38:01 下午 org.example.diytomcat.Bootstrap logJVM
INFO : Server number:		1.0.1
06 06, 2023 20:38:01 下午 org.example.diytomcat.Bootstrap logJVM
INFO : OS Name	:		Windows 10
06 06, 2023 20:38:01 下午 org.example.diytomcat.Bootstrap logJVM
INFO : OS Version:		10.0
06 06, 2023 20:38:01 下午 org.example.diytomcat.Bootstrap logJVM
INFO : Architecture:		amd64
06 06, 2023 20:38:01 下午 org.example.diytomcat.Bootstrap logJVM
INFO : Java Home:		D:\jdk-18.0.2
06 06, 2023 20:38:01 下午 org.example.diytomcat.Bootstrap logJVM
INFO : JVM Version:		18.0.2+9-61
06 06, 2023 20:38:01 下午 org.example.diytomcat.Bootstrap logJVM
INFO : JVM Vendor:		Oracle Corporation
06 06, 2023 20:51:09 下午 org.example.diytomcat.Bootstrap logJVM
INFO : Server version:		How2J DiyTomcat/1.0.1
06 06, 2023 20:51:09 下午 org.example.diytomcat.Bootstrap logJVM
INFO : Server built:		2020-04-08 10:20:22
06 06, 2023 20:51:09 下午 org.example.diytomcat.Bootstrap logJVM
INFO : Server number:		1.0.1
06 06, 2023 20:51:09 下午 org.example.diytomcat.Bootstrap logJVM
INFO : OS Name	:		Windows 10
06 06, 2023 20:51:09 下午 org.example.diytomcat.Bootstrap logJVM
INFO : OS Version:		10.0
06 06, 2023 20:51:09 下午 org.example.diytomcat.Bootstrap logJVM
INFO : Architecture:		amd64
06 06, 2023 20:51:09 下午 org.example.diytomcat.Bootstrap logJVM
INFO : Java Home:		D:\jdk-18.0.2
06 06, 2023 20:51:09 下午 org.example.diytomcat.Bootstrap logJVM
INFO : JVM Version:		18.0.2+9-61
06 06, 2023 20:51:09 下午 org.example.diytomcat.Bootstrap logJVM
INFO : JVM Vendor:		Oracle Corporation
06 06, 2023 21:28:03 下午 org.example.diytomcat.Bootstrap logJVM
INFO : Server version:		How2J DiyTomcat/1.0.1
06 06, 2023 21:28:03 下午 org.example.diytomcat.Bootstrap logJVM
INFO : Server built:		2020-04-08 10:20:22
06 06, 2023 21:28:03 下午 org.example.diytomcat.Bootstrap logJVM
INFO : Server number:		1.0.1
06 06, 2023 21:28:03 下午 org.example.diytomcat.Bootstrap logJVM
INFO : OS Name	:		Windows 10
06 06, 2023 21:28:03 下午 org.example.diytomcat.Bootstrap logJVM
INFO : OS Version:		10.0
06 06, 2023 21:28:03 下午 org.example.diytomcat.Bootstrap logJVM
INFO : Architecture:		amd64
06 06, 2023 21:28:03 下午 org.example.diytomcat.Bootstrap logJVM
INFO : Java Home:		D:\jdk-18.0.2
06 06, 2023 21:28:03 下午 org.example.diytomcat.Bootstrap logJVM
INFO : JVM Version:		18.0.2+9-61
06 06, 2023 21:28:03 下午 org.example.diytomcat.Bootstrap logJVM
INFO : JVM Vendor:		Oracle Corporation
06 06, 2023 21:28:03 下午 org.example.diytomcat.catalina.Context <init>
INFO : Deploying web application directory D:\diytomcat\diytomcat\webapps\a
06 06, 2023 21:28:03 下午 org.example.diytomcat.catalina.Context <init>
INFO : Deployment of web application directory D:\diytomcat\diytomcat\webapps\a has finished in 0 ms
06 06, 2023 21:28:03 下午 org.example.diytomcat.catalina.Context <init>
INFO : Deploying web application directory D:\diytomcat\diytomcat\webapps\ROOT
06 06, 2023 21:28:03 下午 org.example.diytomcat.catalina.Context <init>
INFO : Deployment of web application directory D:\diytomcat\diytomcat\webapps\ROOT has finished in 0 ms
