06 07, 2023 15:00:16 下午 org.example.diytomcat.Bootstrap logJVM
INFO : Server version:		How2J DiyTomcat/1.0.1
06 07, 2023 15:00:16 下午 org.example.diytomcat.Bootstrap logJVM
INFO : Server built:		2020-04-08 10:20:22
06 07, 2023 15:00:16 下午 org.example.diytomcat.Bootstrap logJVM
INFO : Server number:		1.0.1
06 07, 2023 15:00:16 下午 org.example.diytomcat.Bootstrap logJVM
INFO : OS Name	:		Windows 10
06 07, 2023 15:00:16 下午 org.example.diytomcat.Bootstrap logJVM
INFO : OS Version:		10.0
06 07, 2023 15:00:16 下午 org.example.diytomcat.Bootstrap logJVM
INFO : Architecture:		amd64
06 07, 2023 15:00:16 下午 org.example.diytomcat.Bootstrap logJVM
INFO : Java Home:		D:\jdk-18.0.2
06 07, 2023 15:00:16 下午 org.example.diytomcat.Bootstrap logJVM
INFO : JVM Version:		18.0.2+9-61
06 07, 2023 15:00:16 下午 org.example.diytomcat.Bootstrap logJVM
INFO : JVM Vendor:		Oracle Corporation
06 07, 2023 15:00:16 下午 org.example.diytomcat.catalina.Context <init>
INFO : Deploying web application directory D:\diytomcat\diytomcat\webapps\a
06 07, 2023 15:00:16 下午 org.example.diytomcat.catalina.Context <init>
INFO : Deployment of web application directory D:\diytomcat\diytomcat\webapps\a has finished in 0 ms
06 07, 2023 15:00:16 下午 org.example.diytomcat.catalina.Context <init>
INFO : Deploying web application directory D:\diytomcat\diytomcat\webapps\ROOT
06 07, 2023 15:00:16 下午 org.example.diytomcat.catalina.Context <init>
INFO : Deployment of web application directory D:\diytomcat\diytomcat\webapps\ROOT has finished in 0 ms
06 07, 2023 15:00:16 下午 org.example.diytomcat.catalina.Context <init>
INFO : Deploying web application directory d:/project/diytomcat/b
06 07, 2023 15:00:16 下午 org.example.diytomcat.catalina.Context <init>
INFO : Deployment of web application directory d:/project/diytomcat/b has finished in 0 ms
06 07, 2023 15:06:01 下午 org.example.diytomcat.Bootstrap logJVM
INFO : Server version:		How2J DiyTomcat/1.0.1
06 07, 2023 15:06:01 下午 org.example.diytomcat.Bootstrap logJVM
INFO : Server built:		2020-04-08 10:20:22
06 07, 2023 15:06:01 下午 org.example.diytomcat.Bootstrap logJVM
INFO : Server number:		1.0.1
06 07, 2023 15:06:01 下午 org.example.diytomcat.Bootstrap logJVM
INFO : OS Name	:		Windows 10
06 07, 2023 15:06:01 下午 org.example.diytomcat.Bootstrap logJVM
INFO : OS Version:		10.0
06 07, 2023 15:06:01 下午 org.example.diytomcat.Bootstrap logJVM
INFO : Architecture:		amd64
06 07, 2023 15:06:01 下午 org.example.diytomcat.Bootstrap logJVM
INFO : Java Home:		D:\jdk-18.0.2
06 07, 2023 15:06:01 下午 org.example.diytomcat.Bootstrap logJVM
INFO : JVM Version:		18.0.2+9-61
06 07, 2023 15:06:01 下午 org.example.diytomcat.Bootstrap logJVM
INFO : JVM Vendor:		Oracle Corporation
06 07, 2023 15:06:01 下午 org.example.diytomcat.catalina.Context <init>
INFO : Deploying web application directory D:\diytomcat\diytomcat\webapps\a
06 07, 2023 15:06:01 下午 org.example.diytomcat.catalina.Context <init>
INFO : Deployment of web application directory D:\diytomcat\diytomcat\webapps\a has finished in 0 ms
06 07, 2023 15:06:01 下午 org.example.diytomcat.catalina.Context <init>
INFO : Deploying web application directory D:\diytomcat\diytomcat\webapps\ROOT
06 07, 2023 15:06:01 下午 org.example.diytomcat.catalina.Context <init>
INFO : Deployment of web application directory D:\diytomcat\diytomcat\webapps\ROOT has finished in 0 ms
06 07, 2023 15:06:01 下午 org.example.diytomcat.catalina.Context <init>
INFO : Deploying web application directory d:/diytomcat/diytomcat/b
06 07, 2023 15:06:01 下午 org.example.diytomcat.catalina.Context <init>
INFO : Deployment of web application directory d:/diytomcat/diytomcat/b has finished in 0 ms
06 07, 2023 15:25:21 下午 org.example.diytomcat.Bootstrap logJVM
INFO : Server version:		How2J DiyTomcat/1.0.1
06 07, 2023 15:25:21 下午 org.example.diytomcat.Bootstrap logJVM
INFO : Server built:		2020-04-08 10:20:22
06 07, 2023 15:25:21 下午 org.example.diytomcat.Bootstrap logJVM
INFO : Server number:		1.0.1
06 07, 2023 15:25:21 下午 org.example.diytomcat.Bootstrap logJVM
INFO : OS Name	:		Windows 10
06 07, 2023 15:25:21 下午 org.example.diytomcat.Bootstrap logJVM
INFO : OS Version:		10.0
06 07, 2023 15:25:21 下午 org.example.diytomcat.Bootstrap logJVM
INFO : Architecture:		amd64
06 07, 2023 15:25:21 下午 org.example.diytomcat.Bootstrap logJVM
INFO : Java Home:		D:\jdk-18.0.2
06 07, 2023 15:25:21 下午 org.example.diytomcat.Bootstrap logJVM
INFO : JVM Version:		18.0.2+9-61
06 07, 2023 15:25:21 下午 org.example.diytomcat.Bootstrap logJVM
INFO : JVM Vendor:		Oracle Corporation
06 07, 2023 15:25:21 下午 org.example.diytomcat.catalina.Context <init>
INFO : Deploying web application directory D:\diytomcat\diytomcat\webapps\a
06 07, 2023 15:25:21 下午 org.example.diytomcat.catalina.Context <init>
INFO : Deployment of web application directory D:\diytomcat\diytomcat\webapps\a has finished in 0 ms
06 07, 2023 15:25:21 下午 org.example.diytomcat.catalina.Context <init>
INFO : Deploying web application directory D:\diytomcat\diytomcat\webapps\ROOT
06 07, 2023 15:25:21 下午 org.example.diytomcat.catalina.Context <init>
INFO : Deployment of web application directory D:\diytomcat\diytomcat\webapps\ROOT has finished in 0 ms
06 07, 2023 15:25:21 下午 org.example.diytomcat.catalina.Context <init>
INFO : Deploying web application directory d:/diytomcat/diytomcat/b
06 07, 2023 15:25:21 下午 org.example.diytomcat.catalina.Context <init>
INFO : Deployment of web application directory d:/diytomcat/diytomcat/b has finished in 0 ms
06 07, 2023 15:38:50 下午 org.example.diytomcat.catalina.Context <init>
INFO : Deploying web application directory D:\diytomcat\diytomcat\webapps\a
06 07, 2023 15:38:50 下午 org.example.diytomcat.catalina.Context <init>
INFO : Deployment of web application directory D:\diytomcat\diytomcat\webapps\a has finished in 295 ms
06 07, 2023 15:38:50 下午 org.example.diytomcat.catalina.Context <init>
INFO : Deploying web application directory D:\diytomcat\diytomcat\webapps\ROOT
06 07, 2023 15:38:50 下午 org.example.diytomcat.catalina.Context <init>
INFO : Deployment of web application directory D:\diytomcat\diytomcat\webapps\ROOT has finished in 0 ms
06 07, 2023 15:38:50 下午 org.example.diytomcat.catalina.Context <init>
INFO : Deploying web application directory d:/diytomcat/diytomcat/b
06 07, 2023 15:38:50 下午 org.example.diytomcat.catalina.Context <init>
INFO : Deployment of web application directory d:/diytomcat/diytomcat/b has finished in 0 ms
06 07, 2023 15:38:50 下午 org.example.diytomcat.catalina.Server logJVM
INFO : Server version:		How2J DiyTomcat/1.0.1
06 07, 2023 15:38:50 下午 org.example.diytomcat.catalina.Server logJVM
INFO : Server built:		2020-04-08 10:20:22
06 07, 2023 15:38:50 下午 org.example.diytomcat.catalina.Server logJVM
INFO : Server number:		1.0.1
06 07, 2023 15:38:50 下午 org.example.diytomcat.catalina.Server logJVM
INFO : OS Name	:		Windows 10
06 07, 2023 15:38:50 下午 org.example.diytomcat.catalina.Server logJVM
INFO : OS Version:		10.0
06 07, 2023 15:38:50 下午 org.example.diytomcat.catalina.Server logJVM
INFO : Architecture:		amd64
06 07, 2023 15:38:50 下午 org.example.diytomcat.catalina.Server logJVM
INFO : Java Home:		D:\jdk-18.0.2
06 07, 2023 15:38:50 下午 org.example.diytomcat.catalina.Server logJVM
INFO : JVM Version:		18.0.2+9-61
06 07, 2023 15:38:50 下午 org.example.diytomcat.catalina.Server logJVM
INFO : JVM Vendor:		Oracle Corporation
06 07, 2023 16:03:40 下午 org.example.diytomcat.catalina.Context <init>
INFO : Deploying web application directory D:\diytomcat\diytomcat\webapps\a
06 07, 2023 16:03:40 下午 org.example.diytomcat.catalina.Context <init>
INFO : Deployment of web application directory D:\diytomcat\diytomcat\webapps\a has finished in 156 ms
06 07, 2023 16:03:40 下午 org.example.diytomcat.catalina.Context <init>
INFO : Deploying web application directory D:\diytomcat\diytomcat\webapps\ROOT
06 07, 2023 16:03:40 下午 org.example.diytomcat.catalina.Context <init>
INFO : Deployment of web application directory D:\diytomcat\diytomcat\webapps\ROOT has finished in 0 ms
06 07, 2023 16:03:40 下午 org.example.diytomcat.catalina.Context <init>
INFO : Deploying web application directory d:/diytomcat/diytomcat/b
06 07, 2023 16:03:40 下午 org.example.diytomcat.catalina.Context <init>
INFO : Deployment of web application directory d:/diytomcat/diytomcat/b has finished in 0 ms
06 07, 2023 16:03:40 下午 org.example.diytomcat.catalina.Server logJVM
INFO : Server version:		How2J DiyTomcat/1.0.1
06 07, 2023 16:03:40 下午 org.example.diytomcat.catalina.Server logJVM
INFO : Server built:		2020-04-08 10:20:22
06 07, 2023 16:03:40 下午 org.example.diytomcat.catalina.Server logJVM
INFO : Server number:		1.0.1
06 07, 2023 16:03:40 下午 org.example.diytomcat.catalina.Server logJVM
INFO : OS Name	:		Windows 10
06 07, 2023 16:03:40 下午 org.example.diytomcat.catalina.Server logJVM
INFO : OS Version:		10.0
06 07, 2023 16:03:40 下午 org.example.diytomcat.catalina.Server logJVM
INFO : Architecture:		amd64
06 07, 2023 16:03:40 下午 org.example.diytomcat.catalina.Server logJVM
INFO : Java Home:		D:\jdk-18.0.2
06 07, 2023 16:03:40 下午 org.example.diytomcat.catalina.Server logJVM
INFO : JVM Version:		18.0.2+9-61
06 07, 2023 16:03:40 下午 org.example.diytomcat.catalina.Server logJVM
INFO : JVM Vendor:		Oracle Corporation
06 07, 2023 20:09:53 下午 org.example.diytomcat.catalina.Context <init>
INFO : Deploying web application directory D:\diytomcat\diytomcat\webapps\a
06 07, 2023 20:09:53 下午 org.example.diytomcat.catalina.Context <init>
INFO : Deployment of web application directory D:\diytomcat\diytomcat\webapps\a has finished in 334 ms
06 07, 2023 20:09:53 下午 org.example.diytomcat.catalina.Context <init>
INFO : Deploying web application directory D:\diytomcat\diytomcat\webapps\ROOT
06 07, 2023 20:09:53 下午 org.example.diytomcat.catalina.Context <init>
INFO : Deployment of web application directory D:\diytomcat\diytomcat\webapps\ROOT has finished in 0 ms
06 07, 2023 20:09:53 下午 org.example.diytomcat.catalina.Context <init>
INFO : Deploying web application directory d:/diytomcat/diytomcat/b
06 07, 2023 20:09:53 下午 org.example.diytomcat.catalina.Context <init>
INFO : Deployment of web application directory d:/diytomcat/diytomcat/b has finished in 0 ms
06 07, 2023 20:09:53 下午 org.example.diytomcat.catalina.Server logJVM
INFO : Server version:		How2J DiyTomcat/1.0.1
06 07, 2023 20:09:53 下午 org.example.diytomcat.catalina.Server logJVM
INFO : Server built:		2020-04-08 10:20:22
06 07, 2023 20:09:53 下午 org.example.diytomcat.catalina.Server logJVM
INFO : Server number:		1.0.1
06 07, 2023 20:09:53 下午 org.example.diytomcat.catalina.Server logJVM
INFO : OS Name	:		Windows 10
06 07, 2023 20:09:53 下午 org.example.diytomcat.catalina.Server logJVM
INFO : OS Version:		10.0
06 07, 2023 20:09:53 下午 org.example.diytomcat.catalina.Server logJVM
INFO : Architecture:		amd64
06 07, 2023 20:09:53 下午 org.example.diytomcat.catalina.Server logJVM
INFO : Java Home:		D:\jdk-18.0.2
06 07, 2023 20:09:53 下午 org.example.diytomcat.catalina.Server logJVM
INFO : JVM Version:		18.0.2+9-61
06 07, 2023 20:09:53 下午 org.example.diytomcat.catalina.Server logJVM
INFO : JVM Vendor:		Oracle Corporation
06 07, 2023 20:10:59 下午 org.example.diytomcat.catalina.Server$1 error
ERROR: this is a deliberately created exception
java.lang.Exception: this is a deliberately created exception
	at org.example.diytomcat.catalina.Server$1.run(Server.java:59)
	at java.base/java.util.concurrent.ThreadPoolExecutor.runWorker(ThreadPoolExecutor.java:1136)
	at java.base/java.util.concurrent.ThreadPoolExecutor$Worker.run(ThreadPoolExecutor.java:635)
	at java.base/java.lang.Thread.run(Thread.java:833)
06 07, 2023 20:29:23 下午 org.example.diytomcat.catalina.Context <init>
INFO : Deploying web application directory D:\diytomcat\diytomcat\webapps\a
06 07, 2023 20:29:23 下午 org.example.diytomcat.catalina.Context <init>
INFO : Deployment of web application directory D:\diytomcat\diytomcat\webapps\a has finished in 262 ms
06 07, 2023 20:29:23 下午 org.example.diytomcat.catalina.Context <init>
INFO : Deploying web application directory D:\diytomcat\diytomcat\webapps\ROOT
06 07, 2023 20:29:23 下午 org.example.diytomcat.catalina.Context <init>
INFO : Deployment of web application directory D:\diytomcat\diytomcat\webapps\ROOT has finished in 1 ms
06 07, 2023 20:29:23 下午 org.example.diytomcat.catalina.Context <init>
INFO : Deploying web application directory d:/diytomcat/diytomcat/b
06 07, 2023 20:29:23 下午 org.example.diytomcat.catalina.Context <init>
INFO : Deployment of web application directory d:/diytomcat/diytomcat/b has finished in 1 ms
06 07, 2023 20:29:23 下午 org.example.diytomcat.catalina.Server logJVM
INFO : Server version:		How2J DiyTomcat/1.0.1
06 07, 2023 20:29:23 下午 org.example.diytomcat.catalina.Server logJVM
INFO : Server built:		2020-04-08 10:20:22
06 07, 2023 20:29:23 下午 org.example.diytomcat.catalina.Server logJVM
INFO : Server number:		1.0.1
06 07, 2023 20:29:23 下午 org.example.diytomcat.catalina.Server logJVM
INFO : OS Name	:		Windows 10
06 07, 2023 20:29:23 下午 org.example.diytomcat.catalina.Server logJVM
INFO : OS Version:		10.0
06 07, 2023 20:29:23 下午 org.example.diytomcat.catalina.Server logJVM
INFO : Architecture:		amd64
06 07, 2023 20:29:23 下午 org.example.diytomcat.catalina.Server logJVM
INFO : Java Home:		D:\jdk-18.0.2
06 07, 2023 20:29:23 下午 org.example.diytomcat.catalina.Server logJVM
INFO : JVM Version:		18.0.2+9-61
06 07, 2023 20:29:23 下午 org.example.diytomcat.catalina.Server logJVM
INFO : JVM Vendor:		Oracle Corporation
06 07, 2023 20:29:42 下午 org.example.diytomcat.catalina.Server$1 error
ERROR: this is a deliberately created exception
java.lang.Exception: this is a deliberately created exception
	at org.example.diytomcat.catalina.Server$1.run(Server.java:59)
	at java.base/java.util.concurrent.ThreadPoolExecutor.runWorker(ThreadPoolExecutor.java:1136)
	at java.base/java.util.concurrent.ThreadPoolExecutor$Worker.run(ThreadPoolExecutor.java:635)
	at java.base/java.lang.Thread.run(Thread.java:833)
06 07, 2023 20:33:05 下午 org.example.diytomcat.catalina.Server$1 error
ERROR: this is a deliberately created exception
java.lang.Exception: this is a deliberately created exception
	at org.example.diytomcat.catalina.Server$1.run(Server.java:59)
	at java.base/java.util.concurrent.ThreadPoolExecutor.runWorker(ThreadPoolExecutor.java:1136)
	at java.base/java.util.concurrent.ThreadPoolExecutor$Worker.run(ThreadPoolExecutor.java:635)
	at java.base/java.lang.Thread.run(Thread.java:833)
06 07, 2023 20:36:57 下午 org.example.diytomcat.catalina.Server$1 error
ERROR: this is a deliberately created exception
java.lang.Exception: this is a deliberately created exception
	at org.example.diytomcat.catalina.Server$1.run(Server.java:59)
	at java.base/java.util.concurrent.ThreadPoolExecutor.runWorker(ThreadPoolExecutor.java:1136)
	at java.base/java.util.concurrent.ThreadPoolExecutor$Worker.run(ThreadPoolExecutor.java:635)
	at java.base/java.lang.Thread.run(Thread.java:833)
06 07, 2023 20:48:03 下午 org.example.diytomcat.catalina.Context <init>
INFO : Deploying web application directory D:\diytomcat\diytomcat\webapps\a
06 07, 2023 20:48:03 下午 org.example.diytomcat.catalina.Context <init>
INFO : Deployment of web application directory D:\diytomcat\diytomcat\webapps\a has finished in 188 ms
06 07, 2023 20:48:03 下午 org.example.diytomcat.catalina.Context <init>
INFO : Deploying web application directory D:\diytomcat\diytomcat\webapps\ROOT
06 07, 2023 20:48:03 下午 org.example.diytomcat.catalina.Context <init>
INFO : Deployment of web application directory D:\diytomcat\diytomcat\webapps\ROOT has finished in 0 ms
06 07, 2023 20:48:03 下午 org.example.diytomcat.catalina.Context <init>
INFO : Deploying web application directory d:/diytomcat/diytomcat/b
06 07, 2023 20:48:03 下午 org.example.diytomcat.catalina.Context <init>
INFO : Deployment of web application directory d:/diytomcat/diytomcat/b has finished in 0 ms
06 07, 2023 20:48:03 下午 org.example.diytomcat.catalina.Server logJVM
INFO : Server version:		How2J DiyTomcat/1.0.1
06 07, 2023 20:48:03 下午 org.example.diytomcat.catalina.Server logJVM
INFO : Server built:		2020-04-08 10:20:22
06 07, 2023 20:48:03 下午 org.example.diytomcat.catalina.Server logJVM
INFO : Server number:		1.0.1
06 07, 2023 20:48:03 下午 org.example.diytomcat.catalina.Server logJVM
INFO : OS Name	:		Windows 10
06 07, 2023 20:48:03 下午 org.example.diytomcat.catalina.Server logJVM
INFO : OS Version:		10.0
06 07, 2023 20:48:03 下午 org.example.diytomcat.catalina.Server logJVM
INFO : Architecture:		amd64
06 07, 2023 20:48:03 下午 org.example.diytomcat.catalina.Server logJVM
INFO : Java Home:		D:\jdk-18.0.2
06 07, 2023 20:48:03 下午 org.example.diytomcat.catalina.Server logJVM
INFO : JVM Version:		18.0.2+9-61
06 07, 2023 20:48:03 下午 org.example.diytomcat.catalina.Server logJVM
INFO : JVM Vendor:		Oracle Corporation
06 07, 2023 20:48:03 下午 org.example.diytomcat.catalina.Connector init
INFO : Initializing ProtocolHandler [http-bio-18080]
06 07, 2023 20:48:03 下午 org.example.diytomcat.catalina.Connector init
INFO : Initializing ProtocolHandler [http-bio-18081]
06 07, 2023 20:48:03 下午 org.example.diytomcat.catalina.Connector init
INFO : Initializing ProtocolHandler [http-bio-18082]
06 07, 2023 20:48:03 下午 org.example.diytomcat.catalina.Service init
INFO : Initialization processed in 0 ms
06 07, 2023 20:48:03 下午 org.example.diytomcat.catalina.Connector start
INFO : Starting ProtocolHandler [http-bio-18080]
06 07, 2023 20:48:03 下午 org.example.diytomcat.catalina.Connector start
INFO : Starting ProtocolHandler [http-bio-18081]
06 07, 2023 20:48:03 下午 org.example.diytomcat.catalina.Connector start
INFO : Starting ProtocolHandler [http-bio-18082]
06 07, 2023 20:48:03 下午 org.example.diytomcat.catalina.Server start
INFO : Server startup in 17 ms
06 07, 2023 20:48:21 下午 org.example.diytomcat.catalina.Connector$1 error
ERROR: this is a deliberately created exception
java.lang.Exception: this is a deliberately created exception
	at org.example.diytomcat.catalina.Connector$1.run(Connector.java:55)
	at java.base/java.util.concurrent.ThreadPoolExecutor.runWorker(ThreadPoolExecutor.java:1136)
	at java.base/java.util.concurrent.ThreadPoolExecutor$Worker.run(ThreadPoolExecutor.java:635)
	at java.base/java.lang.Thread.run(Thread.java:833)
06 07, 2023 20:48:38 下午 org.example.diytomcat.catalina.Connector$1 error
ERROR: this is a deliberately created exception
java.lang.Exception: this is a deliberately created exception
	at org.example.diytomcat.catalina.Connector$1.run(Connector.java:55)
	at java.base/java.util.concurrent.ThreadPoolExecutor.runWorker(ThreadPoolExecutor.java:1136)
	at java.base/java.util.concurrent.ThreadPoolExecutor$Worker.run(ThreadPoolExecutor.java:635)
	at java.base/java.lang.Thread.run(Thread.java:833)
06 07, 2023 20:52:12 下午 org.example.diytomcat.catalina.Context <init>
INFO : Deploying web application directory D:\diytomcat\diytomcat\webapps\a
06 07, 2023 20:52:12 下午 org.example.diytomcat.catalina.Context <init>
INFO : Deployment of web application directory D:\diytomcat\diytomcat\webapps\a has finished in 188 ms
06 07, 2023 20:52:12 下午 org.example.diytomcat.catalina.Context <init>
INFO : Deploying web application directory D:\diytomcat\diytomcat\webapps\ROOT
06 07, 2023 20:52:12 下午 org.example.diytomcat.catalina.Context <init>
INFO : Deployment of web application directory D:\diytomcat\diytomcat\webapps\ROOT has finished in 0 ms
06 07, 2023 20:52:12 下午 org.example.diytomcat.catalina.Context <init>
INFO : Deploying web application directory d:/diytomcat/diytomcat/b
06 07, 2023 20:52:12 下午 org.example.diytomcat.catalina.Context <init>
INFO : Deployment of web application directory d:/diytomcat/diytomcat/b has finished in 0 ms
06 07, 2023 20:52:12 下午 org.example.diytomcat.catalina.Server logJVM
INFO : Server version:		How2J DiyTomcat/1.0.1
06 07, 2023 20:52:12 下午 org.example.diytomcat.catalina.Server logJVM
INFO : Server built:		2020-04-08 10:20:22
06 07, 2023 20:52:12 下午 org.example.diytomcat.catalina.Server logJVM
INFO : Server number:		1.0.1
06 07, 2023 20:52:12 下午 org.example.diytomcat.catalina.Server logJVM
INFO : OS Name	:		Windows 10
06 07, 2023 20:52:12 下午 org.example.diytomcat.catalina.Server logJVM
INFO : OS Version:		10.0
06 07, 2023 20:52:12 下午 org.example.diytomcat.catalina.Server logJVM
INFO : Architecture:		amd64
06 07, 2023 20:52:12 下午 org.example.diytomcat.catalina.Server logJVM
INFO : Java Home:		D:\jdk-18.0.2
06 07, 2023 20:52:12 下午 org.example.diytomcat.catalina.Server logJVM
INFO : JVM Version:		18.0.2+9-61
06 07, 2023 20:52:12 下午 org.example.diytomcat.catalina.Server logJVM
INFO : JVM Vendor:		Oracle Corporation
06 07, 2023 20:52:12 下午 org.example.diytomcat.catalina.Connector init
INFO : Initializing ProtocolHandler [http-bio-18080]
06 07, 2023 20:52:12 下午 org.example.diytomcat.catalina.Connector init
INFO : Initializing ProtocolHandler [http-bio-18081]
06 07, 2023 20:52:12 下午 org.example.diytomcat.catalina.Connector init
INFO : Initializing ProtocolHandler [http-bio-18082]
06 07, 2023 20:52:12 下午 org.example.diytomcat.catalina.Service init
INFO : Initialization processed in 0 ms
06 07, 2023 20:52:12 下午 org.example.diytomcat.catalina.Connector start
INFO : Starting ProtocolHandler [http-bio-18080]
06 07, 2023 20:52:12 下午 org.example.diytomcat.catalina.Connector start
INFO : Starting ProtocolHandler [http-bio-18081]
06 07, 2023 20:52:12 下午 org.example.diytomcat.catalina.Connector start
INFO : Starting ProtocolHandler [http-bio-18082]
06 07, 2023 20:52:12 下午 org.example.diytomcat.catalina.Server start
INFO : Server startup in 16 ms
06 07, 2023 20:52:27 下午 org.example.diytomcat.catalina.HttpProcessor error
ERROR: this is a deliberately created exception
java.lang.Exception: this is a deliberately created exception
	at org.example.diytomcat.catalina.HttpProcessor.execute(HttpProcessor.java:28)
	at org.example.diytomcat.catalina.Connector$1.run(Connector.java:47)
	at java.base/java.util.concurrent.ThreadPoolExecutor.runWorker(ThreadPoolExecutor.java:1136)
	at java.base/java.util.concurrent.ThreadPoolExecutor$Worker.run(ThreadPoolExecutor.java:635)
	at java.base/java.lang.Thread.run(Thread.java:833)
